<?xml version="1.0" encoding="UTF-8"?>
<!-- Generated by org.testng.reporters.JUnitXMLReporter -->
<testsuite hostname="LAPTOP-G0NLQ86S" ignored="0" name="Automation Positive Tests" tests="6" failures="2" timestamp="04 Nov 2019 20:34:58 GMT" time="49.786" errors="0">
  <testcase name="findFlight" time="46.26" classname="test.ExpendiaTest"/>
  <testcase name="compareCheapPriceResult" time="2.221" classname="test.ExpendiaTest">
    <failure type="java.lang.StringIndexOutOfBoundsException" message="String index out of range: 35">
      <![CDATA[java.lang.StringIndexOutOfBoundsException: String index out of range: 35
	at java.lang.String.getChars(Unknown Source)
	at PageObject.ResultFlights.handleString(ResultFlights.java:112)
	at PageObject.ResultFlights.comparePrice(ResultFlights.java:87)
	at test.ExpendiaTest.compareCheapPriceResult(ExpendiaTest.java:81)
... Removed 25 stack frames]]>
    </failure>
  </testcase> <!-- compareCheapPriceResult -->
  <testcase name="comparePriceResult" time="0.111" classname="test.ExpendiaTest">
    <failure type="java.lang.StringIndexOutOfBoundsException" message="String index out of range: 35">
      <![CDATA[java.lang.StringIndexOutOfBoundsException: String index out of range: 35
	at java.lang.String.getChars(Unknown Source)
	at PageObject.ResultFlights.handleString(ResultFlights.java:112)
	at PageObject.ResultFlights.comparePrice(ResultFlights.java:87)
	at test.ExpendiaTest.comparePriceResult(ExpendiaTest.java:65)
... Removed 25 stack frames]]>
    </failure>
  </testcase> <!-- comparePriceResult -->
  <testcase name="showFlightsResults" time="0.397" classname="test.ExpendiaTest"/>
  <testcase name="verifyPanelAirlines" time="0.615" classname="test.ExpendiaTest"/>
  <testcase name="verifyText" time="0.121" classname="test.ExpendiaTest"/>
</testsuite> <!-- Automation Positive Tests -->
