<?xml version="1.0" encoding="UTF-8"?>
<!-- Generated by org.testng.reporters.JUnitXMLReporter -->
<testsuite hostname="LAPTOP-G0NLQ86S" ignored="0" name="Automation Positive Tests" tests="6" failures="1" timestamp="04 Nov 2019 20:08:46 GMT" time="0.075" errors="0">
  <testcase name="findFlight" time="0.016" classname="test.ExpendiaTest">
    <failure type="java.io.FileNotFoundException" message="Add your path (The system cannot find the file specified)">
      <![CDATA[java.io.FileNotFoundException: Add your path (The system cannot find the file specified)
	at java.io.FileInputStream.open0(Native Method)
	at java.io.FileInputStream.open(Unknown Source)
	at java.io.FileInputStream.<init>(Unknown Source)
	at java.io.FileInputStream.<init>(Unknown Source)
	at PageObject.BasePage.setup(BasePage.java:19)
	at test.ExpendiaTest.findFlight(ExpendiaTest.java:29)
... Removed 25 stack frames]]>
    </failure>
  </testcase> <!-- findFlight -->
  <testcase name="compareCheapPriceResult" time="0.0" classname="test.ExpendiaTest">
    <skipped/>
  </testcase> <!-- compareCheapPriceResult -->
  <testcase name="comparePriceResult" time="0.0" classname="test.ExpendiaTest">
    <skipped/>
  </testcase> <!-- comparePriceResult -->
  <testcase name="showFlightsResults" time="0.0" classname="test.ExpendiaTest">
    <skipped/>
  </testcase> <!-- showFlightsResults -->
  <testcase name="verifyPanelAirlines" time="0.0" classname="test.ExpendiaTest">
    <skipped/>
  </testcase> <!-- verifyPanelAirlines -->
  <testcase name="verifyText" time="0.0" classname="test.ExpendiaTest">
    <skipped/>
  </testcase> <!-- verifyText -->
</testsuite> <!-- Automation Positive Tests -->
