<?xml version="1.0" encoding="UTF-8"?>
<testng-results skipped="0" failed="1" ignored="0" total="6" passed="5">
  <reporter-output>
  </reporter-output>
  <suite name="Expendia Suite" duration-ms="90968" started-at="2019-11-03T04:52:24Z" finished-at="2019-11-03T04:53:55Z">
    <groups>
    </groups>
    <test name="Automation Positive Tests" duration-ms="90968" started-at="2019-11-03T04:52:24Z" finished-at="2019-11-03T04:53:55Z">
      <class name="test.ExpendiaTest">
        <test-method status="PASS" signature="findFlight(java.lang.String, java.lang.String)[pri:0, instance:test.ExpendiaTest@9225652]" name="findFlight" duration-ms="29397" started-at="2019-11-03T04:52:24Z" finished-at="2019-11-03T04:52:54Z">
          <params>
            <param index="0">
              <value>
                <![CDATA[London, England, UK (LON-All Airports)]]>
              </value>
            </param>
            <param index="1">
              <value>
                <![CDATA[Dublin Airport (DUB), Ireland]]>
              </value>
            </param>
          </params>
          <reporter-output>
          </reporter-output>
        </test-method> <!-- findFlight -->
        <test-method status="PASS" signature="compareCheapPriceResult(java.lang.String)[pri:0, instance:test.ExpendiaTest@9225652]" name="compareCheapPriceResult" duration-ms="2547" started-at="2019-11-03T04:52:54Z" depends-on-methods="test.ExpendiaTest.findFlight" finished-at="2019-11-03T04:52:56Z">
          <params>
            <param index="0">
              <value>
                <![CDATA[22.33]]>
              </value>
            </param>
          </params>
          <reporter-output>
          </reporter-output>
        </test-method> <!-- compareCheapPriceResult -->
        <test-method status="FAIL" signature="comparePriceResult(java.lang.String)[pri:0, instance:test.ExpendiaTest@9225652]" name="comparePriceResult" duration-ms="128" started-at="2019-11-03T04:52:56Z" depends-on-methods="test.ExpendiaTest.findFlight" finished-at="2019-11-03T04:52:56Z">
          <params>
            <param index="0">
              <value>
                <![CDATA[123.45]]>
              </value>
            </param>
          </params>
          <exception class="java.lang.AssertionError">
            <message>
              <![CDATA[expected [true] but found [false]]]>
            </message>
            <full-stacktrace>
              <![CDATA[java.lang.AssertionError: expected [true] but found [false]
	at org.testng.Assert.fail(Assert.java:94)
	at org.testng.Assert.failNotEquals(Assert.java:513)
	at org.testng.Assert.assertTrue(Assert.java:42)
	at org.testng.Assert.assertTrue(Assert.java:52)
	at test.ExpendiaTest.comparePriceResult(ExpendiaTest.java:65)
	at sun.reflect.NativeMethodAccessorImpl.invoke0(Native Method)
	at sun.reflect.NativeMethodAccessorImpl.invoke(Unknown Source)
	at sun.reflect.DelegatingMethodAccessorImpl.invoke(Unknown Source)
	at java.lang.reflect.Method.invoke(Unknown Source)
	at org.testng.internal.MethodInvocationHelper.invokeMethod(MethodInvocationHelper.java:104)
	at org.testng.internal.Invoker.invokeMethod(Invoker.java:645)
	at org.testng.internal.Invoker.invokeTestMethod(Invoker.java:851)
	at org.testng.internal.Invoker.invokeTestMethods(Invoker.java:1177)
	at org.testng.internal.TestMethodWorker.invokeTestMethods(TestMethodWorker.java:129)
	at org.testng.internal.TestMethodWorker.run(TestMethodWorker.java:112)
	at org.testng.TestRunner.privateRun(TestRunner.java:756)
	at org.testng.TestRunner.run(TestRunner.java:610)
	at org.testng.SuiteRunner.runTest(SuiteRunner.java:387)
	at org.testng.SuiteRunner.runSequentially(SuiteRunner.java:382)
	at org.testng.SuiteRunner.privateRun(SuiteRunner.java:340)
	at org.testng.SuiteRunner.run(SuiteRunner.java:289)
	at org.testng.SuiteRunnerWorker.runSuite(SuiteRunnerWorker.java:52)
	at org.testng.SuiteRunnerWorker.run(SuiteRunnerWorker.java:86)
	at org.testng.TestNG.runSuitesSequentially(TestNG.java:1293)
	at org.testng.TestNG.runSuitesLocally(TestNG.java:1218)
	at org.testng.TestNG.runSuites(TestNG.java:1133)
	at org.testng.TestNG.run(TestNG.java:1104)
	at org.testng.remote.AbstractRemoteTestNG.run(AbstractRemoteTestNG.java:115)
	at org.testng.remote.RemoteTestNG.initAndRun(RemoteTestNG.java:251)
	at org.testng.remote.RemoteTestNG.main(RemoteTestNG.java:77)
]]>
            </full-stacktrace>
          </exception> <!-- java.lang.AssertionError -->
          <reporter-output>
          </reporter-output>
        </test-method> <!-- comparePriceResult -->
        <test-method status="PASS" signature="showFlightsResults()[pri:0, instance:test.ExpendiaTest@9225652]" name="showFlightsResults" duration-ms="722" started-at="2019-11-03T04:52:56Z" depends-on-methods="test.ExpendiaTest.findFlight" finished-at="2019-11-03T04:52:57Z">
          <reporter-output>
          </reporter-output>
        </test-method> <!-- showFlightsResults -->
        <test-method status="PASS" signature="verifyPanelAirlines()[pri:0, instance:test.ExpendiaTest@9225652]" name="verifyPanelAirlines" duration-ms="57902" started-at="2019-11-03T04:52:57Z" depends-on-methods="test.ExpendiaTest.findFlight" finished-at="2019-11-03T04:53:55Z">
          <reporter-output>
          </reporter-output>
        </test-method> <!-- verifyPanelAirlines -->
        <test-method status="PASS" signature="verifyText()[pri:0, instance:test.ExpendiaTest@9225652]" name="verifyText" duration-ms="217" started-at="2019-11-03T04:53:55Z" depends-on-methods="test.ExpendiaTest.findFlight" finished-at="2019-11-03T04:53:55Z">
          <reporter-output>
          </reporter-output>
        </test-method> <!-- verifyText -->
        <test-method status="PASS" signature="cleanUp()[pri:0, instance:test.ExpendiaTest@9225652]" name="cleanUp" is-config="true" duration-ms="0" started-at="2019-11-03T04:53:55Z" finished-at="2019-11-03T04:53:55Z">
          <reporter-output>
          </reporter-output>
        </test-method> <!-- cleanUp -->
      </class> <!-- test.ExpendiaTest -->
    </test> <!-- Automation Positive Tests -->
  </suite> <!-- Expendia Suite -->
</testng-results>
